<?xml version="1.0" encoding="UTF-8"?>
<testng-results ignored="0" total="6" passed="4" failed="2" skipped="0">
  <reporter-output>
  </reporter-output>
  <suite started-at="2023-05-26T13:23:33 EDT" name="Default suite" finished-at="2023-05-26T13:24:35 EDT" duration-ms="62494">
    <groups>
      <group name="Regression Test">
        <method signature="DataDrivenTesting.PositiveMenuLinkFunctionalityTest(java.lang.String)[pri:0, instance:testNGbasics1.DataDrivenTesting@6c130c45]" name="PositiveMenuLinkFunctionalityTest" class="testNGbasics1.DataDrivenTesting"/>
      </group> <!-- Regression Test -->
      <group name="E2E Test">
        <method signature="DataDrivenTesting.PositiveMenuLinkFunctionalityTest(java.lang.String)[pri:0, instance:testNGbasics1.DataDrivenTesting@6c130c45]" name="PositiveMenuLinkFunctionalityTest" class="testNGbasics1.DataDrivenTesting"/>
        <method signature="DataDrivenTesting.positiveSearchFunctionalityTest(java.lang.String)[pri:0, instance:testNGbasics1.DataDrivenTesting@6c130c45]" name="positiveSearchFunctionalityTest" class="testNGbasics1.DataDrivenTesting"/>
      </group> <!-- E2E Test -->
    </groups>
    <test started-at="2023-05-26T13:23:33 EDT" name="Default test" finished-at="2023-05-26T13:24:35 EDT" duration-ms="62494">
      <class name="testNGbasics1.DataDrivenTesting">
        <test-method is-config="true" signature="initialization()[pri:0, instance:testNGbasics1.DataDrivenTesting@6c130c45]" started-at="2023-05-26T13:23:33 EDT" name="initialization" finished-at="2023-05-26T13:23:48 EDT" duration-ms="14735" status="PASS">
          <reporter-output>
          </reporter-output>
        </test-method> <!-- initialization -->
        <test-method signature="PositiveMenuLinkFunctionalityTest(java.lang.String)[pri:0, instance:testNGbasics1.DataDrivenTesting@6c130c45]" started-at="2023-05-26T13:23:48 EDT" name="PositiveMenuLinkFunctionalityTest" data-provider="positiveMenuLinkData" finished-at="2023-05-26T13:23:50 EDT" duration-ms="2603" status="FAIL">
          <params>
            <param index="0">
              <value>
                <![CDATA[Books]]>
              </value>
            </param>
          </params>
          <exception class="java.lang.AssertionError">
            <message>
              <![CDATA[expected [true] but found [false]]]>
            </message>
            <full-stacktrace>
              <![CDATA[java.lang.AssertionError: expected [true] but found [false]
at org.testng.Assert.fail(Assert.java:99)
at org.testng.Assert.failNotEquals(Assert.java:1037)
at org.testng.Assert.assertTrue(Assert.java:45)
at org.testng.Assert.assertTrue(Assert.java:55)
at testNGbasics1.DataDrivenTesting.PositiveMenuLinkFunctionalityTest(DataDrivenTesting.java:68)
at java.base/jdk.internal.reflect.NativeMethodAccessorImpl.invoke0(Native Method)
at java.base/jdk.internal.reflect.NativeMethodAccessorImpl.invoke(NativeMethodAccessorImpl.java:77)
at java.base/jdk.internal.reflect.DelegatingMethodAccessorImpl.invoke(DelegatingMethodAccessorImpl.java:43)
at java.base/java.lang.reflect.Method.invoke(Method.java:568)
at org.testng.internal.MethodInvocationHelper.invokeMethod(MethodInvocationHelper.java:133)
at org.testng.internal.TestInvoker.invokeMethod(TestInvoker.java:598)
at org.testng.internal.TestInvoker.invokeTestMethod(TestInvoker.java:173)
at org.testng.internal.MethodRunner.runInSequence(MethodRunner.java:46)
at org.testng.internal.TestInvoker$MethodInvocationAgent.invoke(TestInvoker.java:824)
at org.testng.internal.TestInvoker.invokeTestMethods(TestInvoker.java:146)
at org.testng.internal.TestMethodWorker.invokeTestMethods(TestMethodWorker.java:146)
at org.testng.internal.TestMethodWorker.run(TestMethodWorker.java:128)
at java.base/java.util.ArrayList.forEach(ArrayList.java:1511)
at org.testng.TestRunner.privateRun(TestRunner.java:794)
at org.testng.TestRunner.run(TestRunner.java:596)
at org.testng.SuiteRunner.runTest(SuiteRunner.java:377)
at org.testng.SuiteRunner.runSequentially(SuiteRunner.java:371)
at org.testng.SuiteRunner.privateRun(SuiteRunner.java:332)
at org.testng.SuiteRunner.run(SuiteRunner.java:276)
at org.testng.SuiteRunnerWorker.runSuite(SuiteRunnerWorker.java:53)
at org.testng.SuiteRunnerWorker.run(SuiteRunnerWorker.java:96)
at org.testng.TestNG.runSuitesSequentially(TestNG.java:1212)
at org.testng.TestNG.runSuitesLocally(TestNG.java:1134)
at org.testng.TestNG.runSuites(TestNG.java:1063)
at org.testng.TestNG.run(TestNG.java:1031)
at org.testng.remote.AbstractRemoteTestNG.run(AbstractRemoteTestNG.java:115)
at org.testng.remote.RemoteTestNG.initAndRun(RemoteTestNG.java:251)
at org.testng.remote.RemoteTestNG.main(RemoteTestNG.java:77)
]]>
            </full-stacktrace>
          </exception> <!-- java.lang.AssertionError -->
          <reporter-output>
          </reporter-output>
        </test-method> <!-- PositiveMenuLinkFunctionalityTest -->
        <test-method is-config="true" signature="backToHomePage()[pri:0, instance:testNGbasics1.DataDrivenTesting@6c130c45]" started-at="2023-05-26T13:23:50 EDT" name="backToHomePage" finished-at="2023-05-26T13:23:55 EDT" duration-ms="5187" status="PASS">
          <reporter-output>
          </reporter-output>
        </test-method> <!-- backToHomePage -->
        <test-method signature="PositiveMenuLinkFunctionalityTest(java.lang.String)[pri:0, instance:testNGbasics1.DataDrivenTesting@6c130c45]" started-at="2023-05-26T13:23:55 EDT" name="PositiveMenuLinkFunctionalityTest" data-provider="positiveMenuLinkData" finished-at="2023-05-26T13:23:59 EDT" duration-ms="3486" status="PASS">
          <params>
            <param index="0">
              <value>
                <![CDATA[Amazon Basics]]>
              </value>
            </param>
          </params>
          <reporter-output>
          </reporter-output>
        </test-method> <!-- PositiveMenuLinkFunctionalityTest -->
        <test-method is-config="true" signature="backToHomePage()[pri:0, instance:testNGbasics1.DataDrivenTesting@6c130c45]" started-at="2023-05-26T13:23:59 EDT" name="backToHomePage" finished-at="2023-05-26T13:24:02 EDT" duration-ms="2875" status="PASS">
          <reporter-output>
          </reporter-output>
        </test-method> <!-- backToHomePage -->
        <test-method signature="PositiveMenuLinkFunctionalityTest(java.lang.String)[pri:0, instance:testNGbasics1.DataDrivenTesting@6c130c45]" started-at="2023-05-26T13:24:02 EDT" name="PositiveMenuLinkFunctionalityTest" data-provider="positiveMenuLinkData" finished-at="2023-05-26T13:24:05 EDT" duration-ms="3245" status="FAIL">
          <params>
            <param index="0">
              <value>
                <![CDATA[Today's Deals]]>
              </value>
            </param>
          </params>
          <exception class="java.lang.AssertionError">
            <message>
              <![CDATA[expected [Amazon.com: Today's Deals] but found [Amazon.com - Today's Deals]]]>
            </message>
            <full-stacktrace>
              <![CDATA[java.lang.AssertionError: expected [Amazon.com: Today's Deals] but found [Amazon.com - Today's Deals]
at org.testng.Assert.fail(Assert.java:99)
at org.testng.Assert.failNotEquals(Assert.java:1037)
at org.testng.Assert.assertEqualsImpl(Assert.java:140)
at org.testng.Assert.assertEquals(Assert.java:122)
at org.testng.Assert.assertEquals(Assert.java:629)
at org.testng.Assert.assertEquals(Assert.java:639)
at testNGbasics1.DataDrivenTesting.PositiveMenuLinkFunctionalityTest(DataDrivenTesting.java:67)
at java.base/jdk.internal.reflect.NativeMethodAccessorImpl.invoke0(Native Method)
at java.base/jdk.internal.reflect.NativeMethodAccessorImpl.invoke(NativeMethodAccessorImpl.java:77)
at java.base/jdk.internal.reflect.DelegatingMethodAccessorImpl.invoke(DelegatingMethodAccessorImpl.java:43)
at java.base/java.lang.reflect.Method.invoke(Method.java:568)
at org.testng.internal.MethodInvocationHelper.invokeMethod(MethodInvocationHelper.java:133)
at org.testng.internal.TestInvoker.invokeMethod(TestInvoker.java:598)
at org.testng.internal.TestInvoker.invokeTestMethod(TestInvoker.java:173)
at org.testng.internal.MethodRunner.runInSequence(MethodRunner.java:46)
at org.testng.internal.TestInvoker$MethodInvocationAgent.invoke(TestInvoker.java:824)
at org.testng.internal.TestInvoker.invokeTestMethods(TestInvoker.java:146)
at org.testng.internal.TestMethodWorker.invokeTestMethods(TestMethodWorker.java:146)
at org.testng.internal.TestMethodWorker.run(TestMethodWorker.java:128)
at java.base/java.util.ArrayList.forEach(ArrayList.java:1511)
at org.testng.TestRunner.privateRun(TestRunner.java:794)
at org.testng.TestRunner.run(TestRunner.java:596)
at org.testng.SuiteRunner.runTest(SuiteRunner.java:377)
at org.testng.SuiteRunner.runSequentially(SuiteRunner.java:371)
at org.testng.SuiteRunner.privateRun(SuiteRunner.java:332)
at org.testng.SuiteRunner.run(SuiteRunner.java:276)
at org.testng.SuiteRunnerWorker.runSuite(SuiteRunnerWorker.java:53)
at org.testng.SuiteRunnerWorker.run(SuiteRunnerWorker.java:96)
at org.testng.TestNG.runSuitesSequentially(TestNG.java:1212)
at org.testng.TestNG.runSuitesLocally(TestNG.java:1134)
at org.testng.TestNG.runSuites(TestNG.java:1063)
at org.testng.TestNG.run(TestNG.java:1031)
at org.testng.remote.AbstractRemoteTestNG.run(AbstractRemoteTestNG.java:115)
at org.testng.remote.RemoteTestNG.initAndRun(RemoteTestNG.java:251)
at org.testng.remote.RemoteTestNG.main(RemoteTestNG.java:77)
]]>
            </full-stacktrace>
          </exception> <!-- java.lang.AssertionError -->
          <reporter-output>
          </reporter-output>
        </test-method> <!-- PositiveMenuLinkFunctionalityTest -->
        <test-method is-config="true" signature="backToHomePage()[pri:0, instance:testNGbasics1.DataDrivenTesting@6c130c45]" started-at="2023-05-26T13:24:05 EDT" name="backToHomePage" finished-at="2023-05-26T13:24:09 EDT" duration-ms="3912" status="PASS">
          <reporter-output>
          </reporter-output>
        </test-method> <!-- backToHomePage -->
        <test-method signature="positiveSearchFunctionalityTest(java.lang.String)[pri:0, instance:testNGbasics1.DataDrivenTesting@6c130c45]" started-at="2023-05-26T13:24:09 EDT" name="positiveSearchFunctionalityTest" data-provider="positiveSearchData" finished-at="2023-05-26T13:24:15 EDT" duration-ms="5648" status="PASS">
          <params>
            <param index="0">
              <value>
                <![CDATA[apple]]>
              </value>
            </param>
          </params>
          <reporter-output>
          </reporter-output>
        </test-method> <!-- positiveSearchFunctionalityTest -->
        <test-method is-config="true" signature="backToHomePage()[pri:0, instance:testNGbasics1.DataDrivenTesting@6c130c45]" started-at="2023-05-26T13:24:15 EDT" name="backToHomePage" finished-at="2023-05-26T13:24:18 EDT" duration-ms="2994" status="PASS">
          <reporter-output>
          </reporter-output>
        </test-method> <!-- backToHomePage -->
        <test-method signature="positiveSearchFunctionalityTest(java.lang.String)[pri:0, instance:testNGbasics1.DataDrivenTesting@6c130c45]" started-at="2023-05-26T13:24:18 EDT" name="positiveSearchFunctionalityTest" data-provider="positiveSearchData" finished-at="2023-05-26T13:24:23 EDT" duration-ms="5359" status="PASS">
          <params>
            <param index="0">
              <value>
                <![CDATA[orange]]>
              </value>
            </param>
          </params>
          <reporter-output>
          </reporter-output>
        </test-method> <!-- positiveSearchFunctionalityTest -->
        <test-method is-config="true" signature="backToHomePage()[pri:0, instance:testNGbasics1.DataDrivenTesting@6c130c45]" started-at="2023-05-26T13:24:23 EDT" name="backToHomePage" finished-at="2023-05-26T13:24:26 EDT" duration-ms="2672" status="PASS">
          <reporter-output>
          </reporter-output>
        </test-method> <!-- backToHomePage -->
        <test-method signature="positiveSearchFunctionalityTest(java.lang.String)[pri:0, instance:testNGbasics1.DataDrivenTesting@6c130c45]" started-at="2023-05-26T13:24:26 EDT" name="positiveSearchFunctionalityTest" data-provider="positiveSearchData" finished-at="2023-05-26T13:24:32 EDT" duration-ms="6688" status="PASS">
          <params>
            <param index="0">
              <value>
                <![CDATA[samsung]]>
              </value>
            </param>
          </params>
          <reporter-output>
          </reporter-output>
        </test-method> <!-- positiveSearchFunctionalityTest -->
        <test-method is-config="true" signature="backToHomePage()[pri:0, instance:testNGbasics1.DataDrivenTesting@6c130c45]" started-at="2023-05-26T13:24:32 EDT" name="backToHomePage" finished-at="2023-05-26T13:24:35 EDT" duration-ms="2720" status="PASS">
          <reporter-output>
          </reporter-output>
        </test-method> <!-- backToHomePage -->
        <test-method is-config="true" signature="tearDown()[pri:0, instance:testNGbasics1.DataDrivenTesting@6c130c45]" started-at="2023-05-26T13:24:35 EDT" name="tearDown" finished-at="2023-05-26T13:24:35 EDT" duration-ms="303" status="PASS">
          <reporter-output>
          </reporter-output>
        </test-method> <!-- tearDown -->
      </class> <!-- testNGbasics1.DataDrivenTesting -->
    </test> <!-- Default test -->
  </suite> <!-- Default suite -->
</testng-results>
